# JRE version: OpenJDK Runtime Environment (8.0_212-b04) (build 1.8.0_212-release-1586-b04)
# Java VM: OpenJDK 64-Bit Server VM (25.212-b04 mixed mode windows-amd64 compressed oops)
Heap:
 PSYoungGen      total 345088K, used 200027K [0x00000000e0000000, 0x00000000f9780000, 0x0000000100000000)
  eden space 316416K, 57% used [0x00000000e0000000,0x00000000eb029378,0x00000000f3500000)
  from space 28672K, 68% used [0x00000000f5200000,0x00000000f652dc50,0x00000000f6e00000)
  to   space 29696K, 0% used [0x00000000f3500000,0x00000000f3500000,0x00000000f5200000)
 ParOldGen       total 111104K, used 50275K [0x00000000a0000000, 0x00000000a6c80000, 0x00000000e0000000)
  object space 111104K, 45% used [0x00000000a0000000,0x00000000a3118c10,0x00000000a6c80000)
 Metaspace       used 91862K, capacity 95535K, committed 96640K, reserved 1132544K
  class space    used 12045K, capacity 12779K, committed 13184K, reserved 1048576K
GC Heap History (10 events):
Event: 55.669 GC heap before
{Heap before GC invocations=18 (full 3):
 PSYoungGen      total 276480K, used 275825K [0x00000000e0000000, 0x00000000f2c00000, 0x0000000100000000)
  eden space 258048K, 100% used [0x00000000e0000000,0x00000000efc00000,0x00000000efc00000)
  from space 18432K, 96% used [0x00000000f1a00000,0x00000000f2b5c620,0x00000000f2c00000)
  to   space 24576K, 0% used [0x00000000efc00000,0x00000000efc00000,0x00000000f1400000)
 ParOldGen       total 111104K, used 45000K [0x00000000a0000000, 0x00000000a6c80000, 0x00000000e0000000)
  object space 111104K, 40% used [0x00000000a0000000,0x00000000a2bf2170,0x00000000a6c80000)
 Metaspace       used 84916K, capacity 88567K, committed 88704K, reserved 1126400K
  class space    used 11622K, capacity 12329K, committed 12416K, reserved 1048576K
Event: 55.736 GC heap after
Heap after GC invocations=18 (full 3):
 PSYoungGen      total 282624K, used 20857K [0x00000000e0000000, 0x00000000f7480000, 0x0000000100000000)
  eden space 258048K, 0% used [0x00000000e0000000,0x00000000e0000000,0x00000000efc00000)
  from space 24576K, 84% used [0x00000000efc00000,0x00000000f105e4b8,0x00000000f1400000)
  to   space 26624K, 0% used [0x00000000f5a80000,0x00000000f5a80000,0x00000000f7480000)
 ParOldGen       total 111104K, used 55159K [0x00000000a0000000, 0x00000000a6c80000, 0x00000000e0000000)
  object space 111104K, 49% used [0x00000000a0000000,0x00000000a35dde18,0x00000000a6c80000)
 Metaspace       used 84916K, capacity 88567K, committed 88704K, reserved 1126400K
  class space    used 11622K, capacity 12329K, committed 12416K, reserved 1048576K
}
Event: 3022.040 GC heap before
{Heap before GC invocations=19 (full 3):
 PSYoungGen      total 282624K, used 278905K [0x00000000e0000000, 0x00000000f7480000, 0x0000000100000000)
  eden space 258048K, 100% used [0x00000000e0000000,0x00000000efc00000,0x00000000efc00000)
  from space 24576K, 84% used [0x00000000efc00000,0x00000000f105e4b8,0x00000000f1400000)
  to   space 26624K, 0% used [0x00000000f5a80000,0x00000000f5a80000,0x00000000f7480000)
 ParOldGen       total 111104K, used 55159K [0x00000000a0000000, 0x00000000a6c80000, 0x00000000e0000000)
  object space 111104K, 49% used [0x00000000a0000000,0x00000000a35dde18,0x00000000a6c80000)
 Metaspace       used 90969K, capacity 95071K, committed 95232K, reserved 1132544K
  class space    used 12137K, capacity 12951K, committed 13056K, reserved 1048576K
Event: 3022.106 GC heap after
Heap after GC invocations=19 (full 3):
 PSYoungGen      total 338944K, used 21105K [0x00000000e0000000, 0x00000000f6f80000, 0x0000000100000000)
  eden space 317440K, 0% used [0x00000000e0000000,0x00000000e0000000,0x00000000f3600000)
  from space 21504K, 98% used [0x00000000f5a80000,0x00000000f6f1c728,0x00000000f6f80000)
  to   space 28672K, 0% used [0x00000000f3780000,0x00000000f3780000,0x00000000f5380000)
 ParOldGen       total 111104K, used 55167K [0x00000000a0000000, 0x00000000a6c80000, 0x00000000e0000000)
  object space 111104K, 49% used [0x00000000a0000000,0x00000000a35dfe18,0x00000000a6c80000)
 Metaspace       used 90969K, capacity 95071K, committed 95232K, reserved 1132544K
  class space    used 12137K, capacity 12951K, committed 13056K, reserved 1048576K
}
Event: 3618.928 GC heap before
{Heap before GC invocations=20 (full 3):
 PSYoungGen      total 338944K, used 140677K [0x00000000e0000000, 0x00000000f6f80000, 0x0000000100000000)
  eden space 317440K, 37% used [0x00000000e0000000,0x00000000e74c4f28,0x00000000f3600000)
  from space 21504K, 98% used [0x00000000f5a80000,0x00000000f6f1c728,0x00000000f6f80000)
  to   space 28672K, 0% used [0x00000000f3780000,0x00000000f3780000,0x00000000f5380000)
 ParOldGen       total 111104K, used 55167K [0x00000000a0000000, 0x00000000a6c80000, 0x00000000e0000000)
  object space 111104K, 49% used [0x00000000a0000000,0x00000000a35dfe18,0x00000000a6c80000)
 Metaspace       used 92154K, capacity 96345K, committed 96640K, reserved 1132544K
  class space    used 12236K, capacity 13084K, committed 13184K, reserved 1048576K
Event: 3618.960 GC heap after
Heap after GC invocations=20 (full 3):
 PSYoungGen      total 334336K, used 16666K [0x00000000e0000000, 0x00000000f6e00000, 0x0000000100000000)
  eden space 317440K, 0% used [0x00000000e0000000,0x00000000e0000000,0x00000000f3600000)
  from space 16896K, 98% used [0x00000000f3780000,0x00000000f47c6b98,0x00000000f4800000)
  to   space 28672K, 0% used [0x00000000f5200000,0x00000000f5200000,0x00000000f6e00000)
 ParOldGen       total 111104K, used 55175K [0x00000000a0000000, 0x00000000a6c80000, 0x00000000e0000000)
  object space 111104K, 49% used [0x00000000a0000000,0x00000000a35e1e18,0x00000000a6c80000)
 Metaspace       used 92154K, capacity 96345K, committed 96640K, reserved 1132544K
  class space    used 12236K, capacity 13084K, committed 13184K, reserved 1048576K
}
Event: 3618.960 GC heap before
{Heap before GC invocations=21 (full 4):
 PSYoungGen      total 334336K, used 16666K [0x00000000e0000000, 0x00000000f6e00000, 0x0000000100000000)
  eden space 317440K, 0% used [0x00000000e0000000,0x00000000e0000000,0x00000000f3600000)
  from space 16896K, 98% used [0x00000000f3780000,0x00000000f47c6b98,0x00000000f4800000)
  to   space 28672K, 0% used [0x00000000f5200000,0x00000000f5200000,0x00000000f6e00000)
 ParOldGen       total 111104K, used 55175K [0x00000000a0000000, 0x00000000a6c80000, 0x00000000e0000000)
  object space 111104K, 49% used [0x00000000a0000000,0x00000000a35e1e18,0x00000000a6c80000)
 Metaspace       used 92154K, capacity 96345K, committed 96640K, reserved 1132544K
  class space    used 12236K, capacity 13084K, committed 13184K, reserved 1048576K
Event: 3619.392 GC heap after
Heap after GC invocations=21 (full 4):
 PSYoungGen      total 334336K, used 0K [0x00000000e0000000, 0x00000000f6e00000, 0x0000000100000000)
  eden space 317440K, 0% used [0x00000000e0000000,0x00000000e0000000,0x00000000f3600000)
  from space 16896K, 0% used [0x00000000f3780000,0x00000000f3780000,0x00000000f4800000)
  to   space 28672K, 0% used [0x00000000f5200000,0x00000000f5200000,0x00000000f6e00000)
 ParOldGen       total 111104K, used 50267K [0x00000000a0000000, 0x00000000a6c80000, 0x00000000e0000000)
  object space 111104K, 45% used [0x00000000a0000000,0x00000000a3116c10,0x00000000a6c80000)
 Metaspace       used 90774K, capacity 94051K, committed 96640K, reserved 1132544K
  class space    used 11952K, capacity 12611K, committed 13184K, reserved 1048576K
}
Event: 4146.170 GC heap before
{Heap before GC invocations=22 (full 4):
 PSYoungGen      total 334336K, used 317440K [0x00000000e0000000, 0x00000000f6e00000, 0x0000000100000000)
  eden space 317440K, 100% used [0x00000000e0000000,0x00000000f3600000,0x00000000f3600000)
  from space 16896K, 0% used [0x00000000f3780000,0x00000000f3780000,0x00000000f4800000)
  to   space 28672K, 0% used [0x00000000f5200000,0x00000000f5200000,0x00000000f6e00000)
 ParOldGen       total 111104K, used 50267K [0x00000000a0000000, 0x00000000a6c80000, 0x00000000e0000000)
  object space 111104K, 45% used [0x00000000a0000000,0x00000000a3116c10,0x00000000a6c80000)
 Metaspace       used 91451K, capacity 94973K, committed 96640K, reserved 1132544K
  class space    used 12017K, capacity 12728K, committed 13184K, reserved 1048576K
Event: 4146.203 GC heap after
Heap after GC invocations=22 (full 4):
 PSYoungGen      total 345088K, used 19639K [0x00000000e0000000, 0x00000000f9780000, 0x0000000100000000)
  eden space 316416K, 0% used [0x00000000e0000000,0x00000000e0000000,0x00000000f3500000)
  from space 28672K, 68% used [0x00000000f5200000,0x00000000f652dc50,0x00000000f6e00000)
  to   space 29696K, 0% used [0x00000000f3500000,0x00000000f3500000,0x00000000f5200000)
 ParOldGen       total 111104K, used 50275K [0x00000000a0000000, 0x00000000a6c80000, 0x00000000e0000000)
  object space 111104K, 45% used [0x00000000a0000000,0x00000000a3118c10,0x00000000a6c80000)
 Metaspace       used 91451K, capacity 94973K, committed 96640K, reserved 1132544K
  class space    used 12017K, capacity 12728K, committed 13184K, reserved 1048576K
}

