# JRE version: OpenJDK Runtime Environment (8.0_212-b04) (build 1.8.0_212-release-1586-b04)
# Java VM: OpenJDK 64-Bit Server VM (25.212-b04 mixed mode windows-amd64 compressed oops)
Heap:
 PSYoungGen      total 82432K, used 58513K [0x00000000d5c00000, 0x00000000dbe80000, 0x0000000100000000)
  eden space 66560K, 87% used [0x00000000d5c00000,0x00000000d9524540,0x00000000d9d00000)
  from space 15872K, 0% used [0x00000000daf00000,0x00000000daf00000,0x00000000dbe80000)
  to   space 5120K, 0% used [0x00000000d9d00000,0x00000000d9d00000,0x00000000da200000)
 ParOldGen       total 67584K, used 17736K [0x0000000081400000, 0x0000000085600000, 0x00000000d5c00000)
  object space 67584K, 26% used [0x0000000081400000,0x0000000082552278,0x0000000085600000)
 Metaspace       used 38623K, capacity 39241K, committed 39600K, reserved 1083392K
  class space    used 4880K, capacity 5028K, committed 5040K, reserved 1048576K
GC Heap History (10 events):
Event: 1.598 GC heap before
{Heap before GC invocations=4 (full 1):
 PSYoungGen      total 38400K, used 5107K [0x00000000d5c00000, 0x00000000da700000, 0x0000000100000000)
  eden space 33280K, 0% used [0x00000000d5c00000,0x00000000d5c00000,0x00000000d7c80000)
  from space 5120K, 99% used [0x00000000d7c80000,0x00000000d817cdc0,0x00000000d8180000)
  to   space 5120K, 0% used [0x00000000da200000,0x00000000da200000,0x00000000da700000)
 ParOldGen       total 87552K, used 12050K [0x0000000081400000, 0x0000000086980000, 0x00000000d5c00000)
  object space 87552K, 13% used [0x0000000081400000,0x0000000081fc4828,0x0000000086980000)
 Metaspace       used 20684K, capacity 21038K, committed 21296K, reserved 1069056K
  class space    used 2449K, capacity 2589K, committed 2608K, reserved 1048576K
Event: 1.637 GC heap after
Heap after GC invocations=4 (full 1):
 PSYoungGen      total 38400K, used 0K [0x00000000d5c00000, 0x00000000da700000, 0x0000000100000000)
  eden space 33280K, 0% used [0x00000000d5c00000,0x00000000d5c00000,0x00000000d7c80000)
  from space 5120K, 0% used [0x00000000d7c80000,0x00000000d7c80000,0x00000000d8180000)
  to   space 5120K, 0% used [0x00000000da200000,0x00000000da200000,0x00000000da700000)
 ParOldGen       total 67584K, used 8948K [0x0000000081400000, 0x0000000085600000, 0x00000000d5c00000)
  object space 67584K, 13% used [0x0000000081400000,0x0000000081cbd118,0x0000000085600000)
 Metaspace       used 20684K, capacity 21038K, committed 21296K, reserved 1069056K
  class space    used 2449K, capacity 2589K, committed 2608K, reserved 1048576K
}
Event: 2.289 GC heap before
{Heap before GC invocations=5 (full 1):
 PSYoungGen      total 38400K, used 33280K [0x00000000d5c00000, 0x00000000da700000, 0x0000000100000000)
  eden space 33280K, 100% used [0x00000000d5c00000,0x00000000d7c80000,0x00000000d7c80000)
  from space 5120K, 0% used [0x00000000d7c80000,0x00000000d7c80000,0x00000000d8180000)
  to   space 5120K, 0% used [0x00000000da200000,0x00000000da200000,0x00000000da700000)
 ParOldGen       total 67584K, used 8948K [0x0000000081400000, 0x0000000085600000, 0x00000000d5c00000)
  object space 67584K, 13% used [0x0000000081400000,0x0000000081cbd118,0x0000000085600000)
 Metaspace       used 23793K, capacity 24268K, committed 24624K, reserved 1071104K
  class space    used 2865K, capacity 3022K, committed 3120K, reserved 1048576K
Event: 2.301 GC heap after
Heap after GC invocations=5 (full 1):
 PSYoungGen      total 52736K, used 5119K [0x00000000d5c00000, 0x00000000da700000, 0x0000000100000000)
  eden space 47616K, 0% used [0x00000000d5c00000,0x00000000d5c00000,0x00000000d8a80000)
  from space 5120K, 99% used [0x00000000da200000,0x00000000da6ffe20,0x00000000da700000)
  to   space 5120K, 0% used [0x00000000d9d00000,0x00000000d9d00000,0x00000000da200000)
 ParOldGen       total 67584K, used 11197K [0x0000000081400000, 0x0000000085600000, 0x00000000d5c00000)
  object space 67584K, 16% used [0x0000000081400000,0x0000000081eef748,0x0000000085600000)
 Metaspace       used 23793K, capacity 24268K, committed 24624K, reserved 1071104K
  class space    used 2865K, capacity 3022K, committed 3120K, reserved 1048576K
}
Event: 3.043 GC heap before
{Heap before GC invocations=6 (full 1):
 PSYoungGen      total 52736K, used 52735K [0x00000000d5c00000, 0x00000000da700000, 0x0000000100000000)
  eden space 47616K, 100% used [0x00000000d5c00000,0x00000000d8a80000,0x00000000d8a80000)
  from space 5120K, 99% used [0x00000000da200000,0x00000000da6ffe20,0x00000000da700000)
  to   space 5120K, 0% used [0x00000000d9d00000,0x00000000d9d00000,0x00000000da200000)
 ParOldGen       total 67584K, used 11197K [0x0000000081400000, 0x0000000085600000, 0x00000000d5c00000)
  object space 67584K, 16% used [0x0000000081400000,0x0000000081eef748,0x0000000085600000)
 Metaspace       used 31646K, capacity 32207K, committed 32688K, reserved 1077248K
  class space    used 4021K, capacity 4182K, committed 4272K, reserved 1048576K
Event: 3.062 GC heap after
Heap after GC invocations=6 (full 1):
 PSYoungGen      total 71680K, used 5090K [0x00000000d5c00000, 0x00000000dbe80000, 0x0000000100000000)
  eden space 66560K, 0% used [0x00000000d5c00000,0x00000000d5c00000,0x00000000d9d00000)
  from space 5120K, 99% used [0x00000000d9d00000,0x00000000da1f8918,0x00000000da200000)
  to   space 15872K, 0% used [0x00000000daf00000,0x00000000daf00000,0x00000000dbe80000)
 ParOldGen       total 67584K, used 22586K [0x0000000081400000, 0x0000000085600000, 0x00000000d5c00000)
  object space 67584K, 33% used [0x0000000081400000,0x0000000082a0e838,0x0000000085600000)
 Metaspace       used 31646K, capacity 32207K, committed 32688K, reserved 1077248K
  class space    used 4021K, capacity 4182K, committed 4272K, reserved 1048576K
}
Event: 3.383 GC heap before
{Heap before GC invocations=7 (full 1):
 PSYoungGen      total 71680K, used 18510K [0x00000000d5c00000, 0x00000000dbe80000, 0x0000000100000000)
  eden space 66560K, 20% used [0x00000000d5c00000,0x00000000d691b170,0x00000000d9d00000)
  from space 5120K, 99% used [0x00000000d9d00000,0x00000000da1f8918,0x00000000da200000)
  to   space 15872K, 0% used [0x00000000daf00000,0x00000000daf00000,0x00000000dbe80000)
 ParOldGen       total 67584K, used 22586K [0x0000000081400000, 0x0000000085600000, 0x00000000d5c00000)
  object space 67584K, 33% used [0x0000000081400000,0x0000000082a0e838,0x0000000085600000)
 Metaspace       used 34664K, capacity 35167K, committed 35496K, reserved 1081344K
  class space    used 4416K, capacity 4555K, committed 4656K, reserved 1048576K
Event: 3.394 GC heap after
Heap after GC invocations=7 (full 1):
 PSYoungGen      total 82432K, used 8740K [0x00000000d5c00000, 0x00000000dbe80000, 0x0000000100000000)
  eden space 66560K, 0% used [0x00000000d5c00000,0x00000000d5c00000,0x00000000d9d00000)
  from space 15872K, 55% used [0x00000000daf00000,0x00000000db789200,0x00000000dbe80000)
  to   space 5120K, 0% used [0x00000000d9d00000,0x00000000d9d00000,0x00000000da200000)
 ParOldGen       total 67584K, used 22594K [0x0000000081400000, 0x0000000085600000, 0x00000000d5c00000)
  object space 67584K, 33% used [0x0000000081400000,0x0000000082a10838,0x0000000085600000)
 Metaspace       used 34664K, capacity 35167K, committed 35496K, reserved 1081344K
  class space    used 4416K, capacity 4555K, committed 4656K, reserved 1048576K
}
Event: 3.394 GC heap before
{Heap before GC invocations=8 (full 2):
 PSYoungGen      total 82432K, used 8740K [0x00000000d5c00000, 0x00000000dbe80000, 0x0000000100000000)
  eden space 66560K, 0% used [0x00000000d5c00000,0x00000000d5c00000,0x00000000d9d00000)
  from space 15872K, 55% used [0x00000000daf00000,0x00000000db789200,0x00000000dbe80000)
  to   space 5120K, 0% used [0x00000000d9d00000,0x00000000d9d00000,0x00000000da200000)
 ParOldGen       total 67584K, used 22594K [0x0000000081400000, 0x0000000085600000, 0x00000000d5c00000)
  object space 67584K, 33% used [0x0000000081400000,0x0000000082a10838,0x0000000085600000)
 Metaspace       used 34664K, capacity 35167K, committed 35496K, reserved 1081344K
  class space    used 4416K, capacity 4555K, committed 4656K, reserved 1048576K
Event: 3.478 GC heap after
Heap after GC invocations=8 (full 2):
 PSYoungGen      total 82432K, used 0K [0x00000000d5c00000, 0x00000000dbe80000, 0x0000000100000000)
  eden space 66560K, 0% used [0x00000000d5c00000,0x00000000d5c00000,0x00000000d9d00000)
  from space 15872K, 0% used [0x00000000daf00000,0x00000000daf00000,0x00000000dbe80000)
  to   space 5120K, 0% used [0x00000000d9d00000,0x00000000d9d00000,0x00000000da200000)
 ParOldGen       total 67584K, used 17736K [0x0000000081400000, 0x0000000085600000, 0x00000000d5c00000)
  object space 67584K, 26% used [0x0000000081400000,0x0000000082552278,0x0000000085600000)
 Metaspace       used 34664K, capacity 35167K, committed 35496K, reserved 1081344K
  class space    used 4416K, capacity 4555K, committed 4656K, reserved 1048576K
}

